<?xml version="1.0" encoding="UTF-8"?>
<robot generator="Robot 7.0 (Python 3.12.3 on darwin)" generated="2024-05-13T21:26:45.258639" rpa="false" schemaversion="5">
<suite id="s1" name="Test Switch Window" source="/Users/mack100loves/Desktop/switch_window/test_switch_window.robot">
<test id="s1-t1" name="Switch window is fucking ez" line="5">
<kw name="Open Browser" owner="SeleniumLibrary">
<msg time="2024-05-13T21:26:45.344960" level="INFO">Opening browser 'gc' to base url 'https://gxd4e.csb.app/'.</msg>
<arg>https://gxd4e.csb.app/</arg>
<arg>gc</arg>
<doc>Opens a new browser instance to the optional ``url``.</doc>
<status status="PASS" start="2024-05-13T21:26:45.344781" elapsed="2.289388"/>
</kw>
<kw name="Click Button" owner="SeleniumLibrary">
<msg time="2024-05-13T21:26:47.635407" level="INFO">Clicking button 'xpath=//*[@id="openwindow"]'.</msg>
<arg>xpath=//*[@id="openwindow"]</arg>
<doc>Clicks the button identified by ``locator``.</doc>
<status status="PASS" start="2024-05-13T21:26:47.634840" elapsed="0.041501"/>
</kw>
<kw name="Get Window Handles" owner="SeleniumLibrary">
<msg time="2024-05-13T21:26:47.679710" level="INFO">@{handles} = [ 46FA86D6AC31196A1F7FF1B5254BB67F | 31B0198878C7B1F9F3F5665EC011FABD ]</msg>
<var>@{handles}</var>
<doc>Returns all child window handles of the selected browser as a list.</doc>
<status status="PASS" start="2024-05-13T21:26:47.676668" elapsed="0.003157"/>
</kw>
<kw name="Switch Window" owner="SeleniumLibrary">
<arg>${handles}[1]</arg>
<doc>Switches to browser window matching ``locator``.</doc>
<status status="PASS" start="2024-05-13T21:26:47.680053" elapsed="0.014810"/>
</kw>
<kw name="Click Button" owner="SeleniumLibrary">
<msg time="2024-05-13T21:26:47.695415" level="INFO">Clicking button 'xpath=//*[@id="closewindow"]'.</msg>
<arg>xpath=//*[@id="closewindow"]</arg>
<doc>Clicks the button identified by ``locator``.</doc>
<status status="PASS" start="2024-05-13T21:26:47.695204" elapsed="1.621001"/>
</kw>
<kw name="Switch Window" owner="SeleniumLibrary">
<arg>${handles}[0]</arg>
<doc>Switches to browser window matching ``locator``.</doc>
<status status="PASS" start="2024-05-13T21:26:49.316527" elapsed="0.005904"/>
</kw>
<kw name="Click Button" owner="SeleniumLibrary">
<msg time="2024-05-13T21:26:49.323102" level="INFO">Clicking button 'xpath=//*[@id="openalert"]'.</msg>
<arg>xpath=//*[@id="openalert"]</arg>
<doc>Clicks the button identified by ``locator``.</doc>
<status status="PASS" start="2024-05-13T21:26:49.322729" elapsed="0.024232"/>
</kw>
<kw name="Sleep" owner="BuiltIn">
<msg time="2024-05-13T21:26:51.347972" level="INFO">Slept 2 seconds.</msg>
<arg>2s</arg>
<doc>Pauses the test executed for the given time.</doc>
<status status="PASS" start="2024-05-13T21:26:49.347230" elapsed="2.001670"/>
</kw>
<status status="PASS" start="2024-05-13T21:26:45.344324" elapsed="6.005912"/>
</test>
<status status="PASS" start="2024-05-13T21:26:45.260447" elapsed="6.092004"/>
</suite>
<statistics>
<total>
<stat pass="1" fail="0" skip="0">All Tests</stat>
</total>
<tag>
</tag>
<suite>
<stat pass="1" fail="0" skip="0" id="s1" name="Test Switch Window">Test Switch Window</stat>
</suite>
</statistics>
<errors>
</errors>
</robot>
